1541111581759	geckodriver	INFO	geckodriver 0.19.0
1541111581769	geckodriver	INFO	Listening on 127.0.0.1:63306
1541111585112	mozrunner::runner	INFO	Running command: "C:\\Program Files\\Mozilla Firefox\\firefox.exe" "-marionette" "-profile" "C:\\Users\\Emman\\AppData\\Local\\Temp\\rust_mozprofile.Ghvo2P9rToZj"
1541111586574	addons.xpi	WARN	Exception running bootstrap method startup on clicktoplay-rollout@mozilla.org: [Exception... "Component returned failure code: 0x8000ffff (NS_ERROR_UNEXPECTED) [nsIPrefBranch.getStringPref]"  nsresult: "0x8000ffff (NS_ERROR_UNEXPECTED)"  location: "JS frame :: resource://gre/modules/addons/XPIProvider.jsm -> jar:file:///C:/Program%20Files/Mozilla%20Firefox/browser/features/clicktoplay-rollout@mozilla.org.xpi!/bootstrap.js :: defineCohort :: line 49"  data: no] Stack trace: defineCohort()@resource://gre/modules/addons/XPIProvider.jsm -> jar:file:///C:/Program%20Files/Mozilla%20Firefox/browser/features/clicktoplay-rollout@mozilla.org.xpi!/bootstrap.js:49 < startup()@resource://gre/modules/addons/XPIProvider.jsm -> jar:file:///C:/Program%20Files/Mozilla%20Firefox/browser/features/clicktoplay-rollout@mozilla.org.xpi!/bootstrap.js:40 < callBootstrapMethod()@resource://gre/modules/addons/XPIProvider.jsm:4391 < startup()@resource://gre/modules/addons/XPIProvider.jsm:2229 < callProvider()@resource://gre/modules/AddonManager.jsm:269 < _startProvider()@resource://gre/modules/AddonManager.jsm:739 < startup()@resource://gre/modules/AddonManager.jsm:906 < startup()@resource://gre/modules/AddonManager.jsm:3090 < observe()@jar:file:///C:/Program%20Files/Mozilla%20Firefox/omni.ja!/components/addonManager.js:65
Unable to read VR Path Registry from C:\Users\Emman\AppData\Local\openvr\openvrpaths.vrpath
1541111587560	Marionette	INFO	Enabled via --marionette
Unable to read VR Path Registry from C:\Users\Emman\AppData\Local\openvr\openvrpaths.vrpath
Unable to read VR Path Registry from C:\Users\Emman\AppData\Local\openvr\openvrpaths.vrpath
Unable to read VR Path Registry from C:\Users\Emman\AppData\Local\openvr\openvrpaths.vrpath
[Child 20972] WARNING: pipe error: 109: file z:/build/build/src/ipc/chromium/src/chrome/common/ipc_channel_win.cc, line 346
[Child 2091541111591274	Marionette	INFO	Listening on port 63314
1541111591287	Marionette	INFO	Listening on port 63314
1541111591494	Marionette	WARN	TLS certificate errors will be ignored for this session
1541111591620	Marionette	DEBUG	Register listener.js for window 4294967297
1541111591662	Marionette	DEBUG	Received DOM event "beforeunload" for "about:blank"
1541111592421	Marionette	DEBUG	Received DOM event "pagehide" for "about:blank"
1541111592423	Marionette	DEBUG	Received DOM event "unload" for "about:blank"
1541111592459	Marionette	DEBUG	Received DOM event "DOMContentLoaded" for "https://sprinkle-burn.glitch.me/"
1541111593973	Marionette	DEBUG	Received DOM event "pageshow" for "https://sprinkle-burn.glitch.me/"
1541111600376	Marionette	DEBUG	Received DOM event "beforeunload" for "https://sprinkle-burn.glitch.me/"
1541111601089	Marionette	DEBUG	Received DOM event "pagehide" for "https://sprinkle-burn.glitch.me/"
1541111601091	Marionette	DEBUG	Received DOM event "unload" for "https://sprinkle-burn.glitch.me/"
1541111601111	Marionette	DEBUG	Received DOM event "DOMContentLoaded" for "https://sprinkle-burn.glitch.me/?email=test%40drugdev.com&password=supers3cret"
1541111601171	Marionette	DEBUG	Received DOM event "pageshow" for "https://sprinkle-burn.glitch.me/?email=test%40drugdev.com&password=supers3cret"
1541111603364	Marionette	DEBUG	Received DOM event "beforeunload" for "https://sprinkle-burn.glitch.me/?email=test%40drugdev.com&password=supers3cret"
1541111603376	Marionette	DEBUG	Received DOM event "pagehide" for "https://sprinkle-burn.glitch.me/?email=test%40drugdev.com&password=supers3cret"
1541111603377	Marionette	DEBUG	Received DOM event "unload" for "https://sprinkle-burn.glitch.me/?email=test%40drugdev.com&password=supers3cret"
1541111603389	Marionette	DEBUG	Received DOM event "DOMContentLoaded" for "https://sprinkle-burn.glitch.me/"
1541111603424	Marionette	DEBUG	Received DOM event "pageshow" for "https://sprinkle-burn.glitch.me/"
1541111609731	Marionette	DEBUG	Received DOM event "beforeunload" for "https://sprinkle-burn.glitch.me/"
1541111610005	Marionette	DEBUG	Received DOM event "pagehide" for "https://sprinkle-burn.glitch.me/"
1541111610012	Marionette	DEBUG	Received DOM event "unload" for "https://sprinkle-burn.glitch.me/"
1541111610065	Marionette	DEBUG	Received DOM event "DOMContentLoaded" for "https://sprinkle-burn.glitch.me/?email=xtest%40drugdev.com&password=supers3cret"
1541111610125	Marionette	DEBUG	Received DOM event "pageshow" for "https://sprinkle-burn.glitch.me/?email=xtest%40drugdev.com&password=supers3cret"
1541111612250	Marionette	DEBUG	Received DOM event "beforeunload" for "https://sprinkle-burn.glitch.me/?email=xtest%40drugdev.com&password=supers3cret"
1541111612262	Marionette	DEBUG	Received DOM event "pagehide" for "https://sprinkle-burn.glitch.me/?email=xtest%40drugdev.com&password=supers3cret"
1541111612263	Marionette	DEBUG	Received DOM event "unload" for "https://sprinkle-burn.glitch.me/?email=xtest%40drugdev.com&password=supers3cret"
1541111612273	Marionette	DEBUG	Received DOM event "DOMContentLoaded" for "https://sprinkle-burn.glitch.me/"
1541111612339	Marionette	DEBUG	Received DOM event "pageshow" for "https://sprinkle-burn.glitch.me/"
1541111618614	Marionette	DEBUG	Received DOM event "beforeunload" for "https://sprinkle-burn.glitch.me/"
1541111618908	Marionette	DEBUG	Received DOM event "pagehide" for "https://sprinkle-burn.glitch.me/"
1541111618911	Marionette	DEBUG	Received DOM event "unload" for "https://sprinkle-burn.glitch.me/"
1541111618955	Marionette	DEBUG	Received DOM event "DOMContentLoaded" for "https://sprinkle-burn.glitch.me/?email=test%40drugdev.com&password=xsupers3cret"
1541111619023	Marionette	DEBUG	Received DOM event "pageshow" for "https://sprinkle-burn.glitch.me/?email=test%40drugdev.com&password=xsupers3cret"
1541111621197	Marionette	DEBUG	Received DOM event "beforeunload" for "https://sprinkle-burn.glitch.me/?email=test%40drugdev.com&password=xsupers3cret"
1541111621222	Marionette	DEBUG	Received DOM event "pagehide" for "https://sprinkle-burn.glitch.me/?email=test%40drugdev.com&password=xsupers3cret"
1541111621222	Marionette	DEBUG	Received DOM event "unload" for "https://sprinkle-burn.glitch.me/?email=test%40drugdev.com&password=xsupers3cret"
1541111621235	Marionette	DEBUG	Received DOM event "DOMContentLoaded" for "https://sprinkle-burn.glitch.me/"
1541111621275	Marionette	DEBUG	Received DOM event "pageshow" for "https://sprinkle-burn.glitch.me/"
1541111627513	Marionette	DEBUG	Received DOM event "beforeunload" for "https://sprinkle-burn.glitch.me/"
1541111627815	Marionette	DEBUG	Received DOM event "pagehide" for "https://sprinkle-burn.glitch.me/"
1541111627817	Marionette	DEBUG	Received DOM event "unload" for "https://sprinkle-burn.glitch.me/"
1541111627849	Marionette	DEBUG	Received DOM event "DOMContentLoaded" for "https://sprinkle-burn.glitch.me/?email=xtest%40drugdev.com&password=xsupers3cret"
1541111627929	Marionette	DEBUG	Received DOM event "pageshow" for "https://sprinkle-burn.glitch.me/?email=xtest%40drugdev.com&password=xsupers3cret"
1541111630037	Marionette	DEBUG	Received DOM event "beforeunload" for "https://sprinkle-burn.glitch.me/?email=xtest%40drugdev.com&password=xsupers3cret"
1541111630048	Marionette	DEBUG	Received DOM event "pagehide" for "https://sprinkle-burn.glitch.me/?email=xtest%40drugdev.com&password=xsupers3cret"
1541111630049	Marionette	DEBUG	Received DOM event "unload" for "https://sprinkle-burn.glitch.me/?email=xtest%40drugdev.com&password=xsupers3cret"
1541111630059	Marionette	DEBUG	Received DOM event "DOMContentLoaded" for "https://sprinkle-burn.glitch.me/"
1541111630085	Marionette	DEBUG	Received DOM event "pageshow" for "https://sprinkle-burn.glitch.me/"
1541111636568	Marionette	DEBUG	Canceled page load listener because no navigation has been detected
1541111638704	Marionette	DEBUG	Received DOM event "beforeunload" for "https://sprinkle-burn.glitch.me/"
1541111638718	Marionette	DEBUG	Received DOM event "pagehide" for "https://sprinkle-burn.glitch.me/"
1541111638720	Marionette	DEBUG	Received DOM event "unload" for "https://sprinkle-burn.glitch.me/"
1541111638732	Marionette	DEBUG	Received DOM event "DOMContentLoaded" for "https://sprinkle-burn.glitch.me/"
1541111638763	Marionette	DEBUG	Received DOM event "pageshow" for "https://sprinkle-burn.glitch.me/"
1541111645214	Marionette	DEBUG	Canceled page load listener because no navigation has been detected
1541111647294	Marionette	DEBUG	Received DOM event "beforeunload" for "https://sprinkle-burn.glitch.me/"
1541111647308	Marionette	DEBUG	Received DOM event "pagehide" for "https://sprinkle-burn.glitch.me/"
1541111647310	Marionette	DEBUG	Received DOM event "unload" for "https://sprinkle-burn.glitch.me/"
1541111647321	Marionette	DEBUG	Received DOM event "DOMContentLoaded" for "https://sprinkle-burn.glitch.me/"
1541111647461	Marionette	DEBUG	Received DOM event "pageshow" for "https://sprinkle-burn.glitch.me/"
1541111654107	Marionette	DEBUG	Canceled page load listener because no navigation has been detected
1541111656215	Marionette	INFO	New connections will no longer be accepted
